<?xml version="1.0" encoding="UTF-8"?>
<!-- Generated by org.testng.reporters.JUnitXMLReporter -->
<testsuite ignored="0" hostname="LAP-SG-10109" failures="0" tests="5" name="Personal Loan" time="0.217" errors="0" timestamp="2023-07-25T15:55:49 IST">
  <testcase classname="test.day1" name="Demo" time="0.011"/>
  <testcase classname="test.day1" name="secondtestcase" time="0.008"/>
  <testcase classname="test.day1" name="secondtestcase" time="0.014"/>
  <testcase classname="test.day1" name="secondtestcase" time="0.084"/>
  <testcase classname="test.day2" name="day2" time="0.005"/>
</testsuite> <!-- Personal Loan -->
