<?xml version="1.0" encoding="UTF-8"?>
<!-- Generated by org.testng.reporters.JUnitXMLReporter -->
<testsuite ignored="2" hostname="LAP-SG-10109" failures="0" tests="4" name="Regression" time="0.072" errors="0" timestamp="2023-07-23T00:04:21 IST">
  <testcase classname="test.day1" name="Demo" time="0.011"/>
  <testcase classname="test.day2" name="day2" time="0.001"/>
  <testcase classname="test.day3" name="mobilelogin" time="0.001"/>
  <testcase classname="test.day3" name="mobiletestcase" time="0.003"/>
  <testcase classname="test.day3" name="mobilelogout" time="0.0">
    <ignored/>
  </testcase> <!-- mobilelogout -->
  <testcase classname="test.day1" name="secondtestcase" time="0.0">
    <ignored/>
  </testcase> <!-- secondtestcase -->
</testsuite> <!-- Regression -->
