<?xml version="1.0" encoding="UTF-8"?>
<testng-results ignored="0" total="1" passed="1" failed="0" skipped="0">
  <reporter-output>
  </reporter-output>
  <suite started-at="2023-07-26T00:58:04 IST" name="Default suite" finished-at="2023-07-26T00:58:05 IST" duration-ms="57">
    <groups>
    </groups>
    <test started-at="2023-07-26T00:58:04 IST" name="Default test" finished-at="2023-07-26T00:58:05 IST" duration-ms="57">
      <class name="PS1">
        <test-method signature="test()[pri:0, instance:PS1@1afd44cb]" started-at="2023-07-26T00:58:05 IST" name="test" finished-at="2023-07-26T00:58:05 IST" duration-ms="8" status="PASS">
          <reporter-output>
          </reporter-output>
        </test-method> <!-- test -->
      </class> <!-- PS1 -->
    </test> <!-- Default test -->
  </suite> <!-- Default suite -->
</testng-results>
